::1 - - [31/Mar/2025:18:43:32 +0000] "GET /api/v1/products/?keyword=nike HTTP/1.1" 500 2232 "-" "PostmanRuntime/7.43.3"
::1 - - [31/Mar/2025:18:45:09 +0000] "GET /api/v1/products/?keyword=nike HTTP/1.1" 200 77 "-" "PostmanRuntime/7.43.3"
::1 - - [31/Mar/2025:18:45:24 +0000] "GET /api/v1/products/?keyword=Nike HTTP/1.1" 200 77 "-" "PostmanRuntime/7.43.3"
::1 - - [31/Mar/2025:18:47:39 +0000] "GET /api/v1/products/?keyword=Nike HTTP/1.1" 200 77 "-" "PostmanRuntime/7.43.3"
::1 - - [31/Mar/2025:18:47:48 +0000] "GET /api/v1/products/?keyword=air HTTP/1.1" 200 77 "-" "PostmanRuntime/7.43.3"
::1 - - [31/Mar/2025:18:48:03 +0000] "GET /api/v1/products/?keyword=air HTTP/1.1" 200 77 "-" "PostmanRuntime/7.43.3"
::1 - - [31/Mar/2025:18:48:21 +0000] "GET /api/v1/products/?keyword=adidas HTTP/1.1" 200 77 "-" "PostmanRuntime/7.43.3"
::1 - - [31/Mar/2025:18:48:44 +0000] "GET /api/v1/products/?keyword= HTTP/1.1" 200 3782 "-" "PostmanRuntime/7.43.3"
::1 - - [31/Mar/2025:18:50:32 +0000] "GET /api/v1/products/?keyword=nik HTTP/1.1" 200 77 "-" "PostmanRuntime/7.43.3"
::1 - - [31/Mar/2025:18:50:39 +0000] "GET /api/v1/products/?keyword= HTTP/1.1" 200 9382 "-" "PostmanRuntime/7.43.3"
::1 - - [31/Mar/2025:18:52:06 +0000] "GET /api/v1/products/?keyword=nike HTTP/1.1" 200 77 "-" "PostmanRuntime/7.43.3"
::1 - - [31/Mar/2025:18:52:22 +0000] "GET /api/v1/products?keyword=nike HTTP/1.1" 200 77 "-" "PostmanRuntime/7.43.3"
::1 - - [31/Mar/2025:18:52:49 +0000] "GET /api/v1/products?keyword=nike HTTP/1.1" 200 77 "-" "PostmanRuntime/7.43.3"
::1 - - [31/Mar/2025:18:54:41 +0000] "GET /api/v1/products?keyword=nike HTTP/1.1" 200 77 "-" "PostmanRuntime/7.43.3"
::1 - - [31/Mar/2025:18:55:24 +0000] "GET /api/v1/products?sort=price HTTP/1.1" 200 9382 "-" "PostmanRuntime/7.43.3"
::1 - - [31/Mar/2025:18:56:16 +0000] "GET /api/v1/products?price=60000 HTTP/1.1" 200 907 "-" "PostmanRuntime/7.43.3"
::1 - - [31/Mar/2025:18:57:35 +0000] "GET /api/v1/products?keyword=Nike HTTP/1.1" 200 77 "-" "PostmanRuntime/7.43.3"
::1 - - [31/Mar/2025:18:57:43 +0000] "GET /api/v1/products?keyword=%22Nike%22 HTTP/1.1" 200 77 "-" "PostmanRuntime/7.43.3"
::1 - - [31/Mar/2025:19:01:25 +0000] "GET /api/v1/products?keyword=balance HTTP/1.1" 200 77 "-" "PostmanRuntime/7.43.3"
::1 - - [31/Mar/2025:19:04:46 +0000] "GET /api/v1/products?keyword=balance HTTP/1.1" 200 77 "-" "PostmanRuntime/7.43.3"
::1 - - [31/Mar/2025:19:04:55 +0000] "GET /api/v1/products?keyword=new HTTP/1.1" 200 77 "-" "PostmanRuntime/7.43.3"
::1 - - [31/Mar/2025:19:07:30 +0000] "GET /api/v1/products?keyword=new HTTP/1.1" 200 77 "-" "PostmanRuntime/7.43.3"
::1 - - [31/Mar/2025:19:08:09 +0000] "GET /api/v1/products?keyword=new HTTP/1.1" 200 77 "-" "PostmanRuntime/7.43.3"
::1 - - [31/Mar/2025:19:11:16 +0000] "GET /api/v1/products?keyword=n HTTP/1.1" 200 77 "-" "PostmanRuntime/7.43.3"
::1 - - [31/Mar/2025:19:12:04 +0000] "GET /api/v1/products?keyword=n HTTP/1.1" 200 77 "-" "PostmanRuntime/7.43.3"
::1 - - [31/Mar/2025:19:12:55 +0000] "GET /api/v1/products?keyword=n HTTP/1.1" 200 77 "-" "PostmanRuntime/7.43.3"
::1 - - [31/Mar/2025:19:22:01 +0000] "GET /api/v1/products?keyword=n HTTP/1.1" 200 77 "-" "PostmanRuntime/7.43.3"
::1 - - [31/Mar/2025:19:22:06 +0000] "GET /api/v1/products?keyword=name HTTP/1.1" 200 77 "-" "PostmanRuntime/7.43.3"
::1 - - [31/Mar/2025:19:26:29 +0000] "GET /api/v1/products?keyword=name HTTP/1.1" 200 77 "-" "PostmanRuntime/7.43.3"
::1 - - [31/Mar/2025:19:26:39 +0000] "GET /api/v1/products?keyword=adidas HTTP/1.1" 200 1318 "-" "PostmanRuntime/7.43.3"
::1 - - [31/Mar/2025:19:26:47 +0000] "GET /api/v1/products?keyword=nike HTTP/1.1" 200 1088 "-" "PostmanRuntime/7.43.3"
::1 - - [31/Mar/2025:19:27:15 +0000] "GET /api/v1/products?keyword=hoka HTTP/1.1" 200 922 "-" "PostmanRuntime/7.43.3"
::1 - - [31/Mar/2025:19:28:11 +0000] "GET /api/v1/products?keyword=nike HTTP/1.1" 200 1088 "-" "PostmanRuntime/7.43.3"
